Performing C++ SOURCE FILE Test CMAKE_HAVE_LIBC_PTHREAD failed with the following output:
Change Dir: /home/jun/Github/GreenHouseAR/build-Engine-Desktop_Qt_5_15_2_GCC_64bit-Debug/CMakeFiles/CMakeTmp

Run Build Command(s):/usr/bin/ninja cmTC_da20b && [1/2] Building CXX object CMakeFiles/cmTC_da20b.dir/src.cxx.o
[2/2] Linking CXX executable cmTC_da20b
FAILED: cmTC_da20b 
: && /usr/bin/g++  -rdynamic CMakeFiles/cmTC_da20b.dir/src.cxx.o -o cmTC_da20b   && :
/usr/bin/ld: CMakeFiles/cmTC_da20b.dir/src.cxx.o: in function `main':
src.cxx:(.text+0x46): undefined reference to `pthread_create'
/usr/bin/ld: src.cxx:(.text+0x52): undefined reference to `pthread_detach'
/usr/bin/ld: src.cxx:(.text+0x5e): undefined reference to `pthread_cancel'
/usr/bin/ld: src.cxx:(.text+0x6f): undefined reference to `pthread_join'
collect2: error: ld returned 1 exit status
ninja: build stopped: subcommand failed.


Source file was:
#include <pthread.h>

static void* test_func(void* data)
{
  return data;
}

int main(void)
{
  pthread_t thread;
  pthread_create(&thread, NULL, test_func, NULL);
  pthread_detach(thread);
  pthread_cancel(thread);
  pthread_join(thread, NULL);
  pthread_atfork(NULL, NULL, NULL);
  pthread_exit(NULL);

  return 0;
}

Determining if the function pthread_create exists in the pthreads failed with the following output:
Change Dir: /home/jun/Github/GreenHouseAR/build-Engine-Desktop_Qt_5_15_2_GCC_64bit-Debug/CMakeFiles/CMakeTmp

Run Build Command(s):/usr/bin/ninja cmTC_c0da4 && [1/2] Building CXX object CMakeFiles/cmTC_c0da4.dir/CheckFunctionExists.cxx.o
[2/2] Linking CXX executable cmTC_c0da4
FAILED: cmTC_c0da4 
: && /usr/bin/g++ -DCHECK_FUNCTION_EXISTS=pthread_create -rdynamic CMakeFiles/cmTC_c0da4.dir/CheckFunctionExists.cxx.o -o cmTC_c0da4  -lpthreads && :
/usr/bin/ld: cannot find -lpthreads
collect2: error: ld returned 1 exit status
ninja: build stopped: subcommand failed.



